<?xml version="1.0" encoding="UTF-8"?>
<testng-results ignored="0" total="1" passed="1" failed="0" skipped="0">
  <reporter-output>
  </reporter-output>
  <suite started-at="2022-10-05T23:46:26 IST" name="Default suite" finished-at="2022-10-05T23:47:03 IST" duration-ms="36841">
    <groups>
    </groups>
    <test started-at="2022-10-05T23:46:26 IST" name="Default test" finished-at="2022-10-05T23:47:03 IST" duration-ms="36841">
      <class name="test.Test_GoogleSearch_TestNG">
        <test-method is-config="true" signature="setUpTest()[pri:0, instance:test.Test_GoogleSearch_TestNG@21282ed8]" started-at="2022-10-05T23:46:26 IST" name="setUpTest" finished-at="2022-10-05T23:46:33 IST" duration-ms="6721" status="PASS">
          <reporter-output>
          </reporter-output>
        </test-method> <!-- setUpTest -->
        <test-method signature="googleSearch()[pri:0, instance:test.Test_GoogleSearch_TestNG@21282ed8]" started-at="2022-10-05T23:46:33 IST" name="googleSearch" finished-at="2022-10-05T23:47:02 IST" duration-ms="29106" status="PASS">
          <reporter-output>
          </reporter-output>
        </test-method> <!-- googleSearch -->
        <test-method is-config="true" signature="tearDownTest()[pri:0, instance:test.Test_GoogleSearch_TestNG@21282ed8]" started-at="2022-10-05T23:47:02 IST" name="tearDownTest" finished-at="2022-10-05T23:47:03 IST" duration-ms="944" status="PASS">
          <reporter-output>
          </reporter-output>
        </test-method> <!-- tearDownTest -->
      </class> <!-- test.Test_GoogleSearch_TestNG -->
    </test> <!-- Default test -->
  </suite> <!-- Default suite -->
</testng-results>
